INFO  - 2015-02-20 21:21:16.116; org.eclipse.jetty.server.Server; jetty-8.1.10.v20130312
INFO  - 2015-02-20 21:21:16.232; org.eclipse.jetty.deploy.providers.ScanningAppProvider; Deployment monitor /home/mediapc/git/datos/solr-4.10.3/node1/contexts at interval 0
INFO  - 2015-02-20 21:21:16.238; org.eclipse.jetty.deploy.DeploymentManager; Deployable added: /home/mediapc/git/datos/solr-4.10.3/node1/contexts/solr-jetty-context.xml
INFO  - 2015-02-20 21:21:16.472; org.eclipse.jetty.webapp.WebInfConfiguration; Extract jar:file:/home/mediapc/git/datos/solr-4.10.3/node1/webapps/solr.war!/ to /home/mediapc/git/datos/solr-4.10.3/node1/solr-webapp/webapp
INFO  - 2015-02-20 21:21:19.192; org.eclipse.jetty.webapp.StandardDescriptorProcessor; NO JSP Support for /solr, did not find org.apache.jasper.servlet.JspServlet
INFO  - 2015-02-20 21:21:19.403; org.apache.solr.servlet.SolrDispatchFilter; SolrDispatchFilter.init()
INFO  - 2015-02-20 21:21:19.610; org.apache.solr.core.SolrResourceLoader; JNDI not configured for solr (NoInitialContextEx)
INFO  - 2015-02-20 21:21:19.611; org.apache.solr.core.SolrResourceLoader; using system property solr.solr.home: /home/mediapc/git/datos/solr-4.10.3/node1/solr
INFO  - 2015-02-20 21:21:19.644; org.apache.solr.core.SolrResourceLoader; new SolrResourceLoader for directory: '/home/mediapc/git/datos/solr-4.10.3/node1/solr/'
INFO  - 2015-02-20 21:21:19.960; org.apache.solr.core.ConfigSolr; Loading container configuration from /home/mediapc/git/datos/solr-4.10.3/node1/solr/solr.xml
INFO  - 2015-02-20 21:21:20.374; org.apache.solr.core.CorePropertiesLocator; Config-defined core root directory: /home/mediapc/git/datos/solr-4.10.3/node1/solr
INFO  - 2015-02-20 21:21:20.391; org.apache.solr.core.CoreContainer; New CoreContainer 24043270
INFO  - 2015-02-20 21:21:20.392; org.apache.solr.core.CoreContainer; Loading cores into CoreContainer [instanceDir=/home/mediapc/git/datos/solr-4.10.3/node1/solr/]
INFO  - 2015-02-20 21:21:20.444; org.apache.solr.handler.component.HttpShardHandlerFactory; Setting socketTimeout to: 0
INFO  - 2015-02-20 21:21:20.445; org.apache.solr.handler.component.HttpShardHandlerFactory; Setting urlScheme to: null
INFO  - 2015-02-20 21:21:20.456; org.apache.solr.handler.component.HttpShardHandlerFactory; Setting connTimeout to: 0
INFO  - 2015-02-20 21:21:20.459; org.apache.solr.handler.component.HttpShardHandlerFactory; Setting maxConnectionsPerHost to: 20
INFO  - 2015-02-20 21:21:20.459; org.apache.solr.handler.component.HttpShardHandlerFactory; Setting corePoolSize to: 0
INFO  - 2015-02-20 21:21:20.459; org.apache.solr.handler.component.HttpShardHandlerFactory; Setting maximumPoolSize to: 2147483647
INFO  - 2015-02-20 21:21:20.459; org.apache.solr.handler.component.HttpShardHandlerFactory; Setting maxThreadIdleTime to: 5
INFO  - 2015-02-20 21:21:20.459; org.apache.solr.handler.component.HttpShardHandlerFactory; Setting sizeOfQueue to: -1
INFO  - 2015-02-20 21:21:20.460; org.apache.solr.handler.component.HttpShardHandlerFactory; Setting fairnessPolicy to: false
INFO  - 2015-02-20 21:21:21.293; org.apache.solr.update.UpdateShardHandler; Creating UpdateShardHandler HTTP client with params: socketTimeout=0&connTimeout=0&retry=false
INFO  - 2015-02-20 21:21:21.295; org.apache.solr.logging.LogWatcher; SLF4J impl is org.slf4j.impl.Log4jLoggerFactory
INFO  - 2015-02-20 21:21:21.296; org.apache.solr.logging.LogWatcher; Registering Log Listener [Log4j (org.slf4j.impl.Log4jLoggerFactory)]
INFO  - 2015-02-20 21:21:21.298; org.apache.solr.core.CoreContainer; Host Name: 
INFO  - 2015-02-20 21:21:21.313; org.apache.solr.cloud.SolrZkServer; STARTING EMBEDDED STANDALONE ZOOKEEPER SERVER at port 9983
INFO  - 2015-02-20 21:21:21.814; org.apache.solr.core.ZkContainer; Zookeeper client=localhost:9983
INFO  - 2015-02-20 21:21:21.870; org.apache.solr.common.cloud.ConnectionManager; Waiting for client to connect to ZooKeeper
INFO  - 2015-02-20 21:21:22.003; org.apache.solr.common.cloud.ConnectionManager; Watcher org.apache.solr.common.cloud.ConnectionManager@174f7a7 name:ZooKeeperConnection Watcher:localhost:9983 got event WatchedEvent state:SyncConnected type:None path:null path:null type:None
INFO  - 2015-02-20 21:21:22.005; org.apache.solr.common.cloud.ConnectionManager; Client is connected to ZooKeeper
INFO  - 2015-02-20 21:21:22.051; org.apache.solr.common.cloud.SolrZkClient; makePath: /overseer/queue
INFO  - 2015-02-20 21:21:22.076; org.apache.solr.common.cloud.SolrZkClient; makePath: /overseer/collection-queue-work
INFO  - 2015-02-20 21:21:22.101; org.apache.solr.common.cloud.SolrZkClient; makePath: /overseer/collection-map-running
INFO  - 2015-02-20 21:21:22.133; org.apache.solr.common.cloud.SolrZkClient; makePath: /overseer/collection-map-completed
INFO  - 2015-02-20 21:21:22.154; org.apache.solr.common.cloud.SolrZkClient; makePath: /overseer/collection-map-failure
INFO  - 2015-02-20 21:21:22.176; org.apache.solr.common.cloud.SolrZkClient; makePath: /live_nodes
INFO  - 2015-02-20 21:21:22.188; org.apache.solr.cloud.ZkController; Register node as live in ZooKeeper:/live_nodes/192.168.0.142:8983_solr
INFO  - 2015-02-20 21:21:22.197; org.apache.solr.common.cloud.SolrZkClient; makePath: /live_nodes/192.168.0.142:8983_solr
INFO  - 2015-02-20 21:21:22.212; org.apache.solr.common.cloud.SolrZkClient; makePath: /collections
INFO  - 2015-02-20 21:21:22.235; org.apache.solr.common.cloud.SolrZkClient; makePath: /overseer_elect
INFO  - 2015-02-20 21:21:22.244; org.apache.solr.common.cloud.SolrZkClient; makePath: /overseer_elect/election
INFO  - 2015-02-20 21:21:22.254; org.apache.solr.cloud.Overseer; Overseer (id=null) closing
INFO  - 2015-02-20 21:21:22.275; org.apache.solr.cloud.OverseerElectionContext; I am going to be the leader 192.168.0.142:8983_solr
INFO  - 2015-02-20 21:21:22.279; org.apache.solr.common.cloud.SolrZkClient; makePath: /overseer_elect/leader
INFO  - 2015-02-20 21:21:22.298; org.apache.solr.cloud.Overseer; Overseer (id=93353887765495808-192.168.0.142:8983_solr-n_0000000000) starting
INFO  - 2015-02-20 21:21:22.332; org.apache.solr.common.cloud.SolrZkClient; makePath: /overseer/queue-work
INFO  - 2015-02-20 21:21:22.479; org.apache.solr.cloud.OverseerAutoReplicaFailoverThread; Starting OverseerAutoReplicaFailoverThread autoReplicaFailoverWorkLoopDelay=10000 autoReplicaFailoverWaitAfterExpiration=30000 autoReplicaFailoverBadNodeExpiration=60000
INFO  - 2015-02-20 21:21:22.523; org.apache.solr.cloud.OverseerCollectionProcessor; Process current queue of collection creations
INFO  - 2015-02-20 21:21:22.534; org.apache.solr.common.cloud.SolrZkClient; makePath: /clusterstate.json
INFO  - 2015-02-20 21:21:22.580; org.apache.solr.common.cloud.SolrZkClient; makePath: /aliases.json
INFO  - 2015-02-20 21:21:22.599; org.apache.solr.common.cloud.ZkStateReader; Updating cluster state from ZooKeeper... 
INFO  - 2015-02-20 21:21:22.614; org.apache.solr.cloud.Overseer$ClusterStateUpdater; Starting to work on the main queue
INFO  - 2015-02-20 21:21:22.648; org.apache.solr.common.cloud.SolrZkClient; makePath: /configs/myconf/solrconfig.xml
INFO  - 2015-02-20 21:21:22.753; org.apache.solr.common.cloud.SolrZkClient; makePath: /configs/myconf/_rest_managed.json
INFO  - 2015-02-20 21:21:22.809; org.apache.solr.common.cloud.SolrZkClient; makePath: /configs/myconf/scripts.conf
INFO  - 2015-02-20 21:21:22.867; org.apache.solr.common.cloud.SolrZkClient; makePath: /configs/myconf/schema.xml
INFO  - 2015-02-20 21:21:22.943; org.apache.solr.common.cloud.SolrZkClient; makePath: /configs/myconf/currency.xml
INFO  - 2015-02-20 21:21:22.999; org.apache.solr.common.cloud.SolrZkClient; makePath: /configs/myconf/synonyms.txt
INFO  - 2015-02-20 21:21:23.055; org.apache.solr.common.cloud.SolrZkClient; makePath: /configs/myconf/mapping-FoldToASCII.txt
INFO  - 2015-02-20 21:21:23.111; org.apache.solr.common.cloud.SolrZkClient; makePath: /configs/myconf/stopwords.txt
INFO  - 2015-02-20 21:21:23.145; org.apache.solr.common.cloud.SolrZkClient; makePath: /configs/myconf/admin-extra.menu-top.html
INFO  - 2015-02-20 21:21:23.166; org.apache.solr.common.cloud.SolrZkClient; makePath: /configs/myconf/protwords.txt
INFO  - 2015-02-20 21:21:23.221; org.apache.solr.common.cloud.SolrZkClient; makePath: /configs/myconf/admin-extra.html
INFO  - 2015-02-20 21:21:23.245; org.apache.solr.common.cloud.SolrZkClient; makePath: /configs/myconf/mapping-ISOLatin1Accent.txt
INFO  - 2015-02-20 21:21:23.299; org.apache.solr.common.cloud.SolrZkClient; makePath: /configs/myconf/elevate.xml
INFO  - 2015-02-20 21:21:23.368; org.apache.solr.common.cloud.SolrZkClient; makePath: /configs/myconf/velocity/main.css
INFO  - 2015-02-20 21:21:23.470; org.apache.solr.common.cloud.SolrZkClient; makePath: /configs/myconf/velocity/mime_type_lists.vm
INFO  - 2015-02-20 21:21:23.533; org.apache.solr.common.cloud.SolrZkClient; makePath: /configs/myconf/velocity/facet_ranges.vm
INFO  - 2015-02-20 21:21:23.567; org.apache.solr.common.cloud.SolrZkClient; makePath: /configs/myconf/velocity/facet_pivot.vm
INFO  - 2015-02-20 21:21:23.589; org.apache.solr.common.cloud.SolrZkClient; makePath: /configs/myconf/velocity/suggest.vm
INFO  - 2015-02-20 21:21:23.610; org.apache.solr.common.cloud.SolrZkClient; makePath: /configs/myconf/velocity/pagination_top.vm
INFO  - 2015-02-20 21:21:23.633; org.apache.solr.common.cloud.SolrZkClient; makePath: /configs/myconf/velocity/hit.vm
INFO  - 2015-02-20 21:21:23.643; org.apache.solr.common.cloud.SolrZkClient; makePath: /configs/myconf/velocity/browse.vm
INFO  - 2015-02-20 21:21:23.666; org.apache.solr.common.cloud.SolrZkClient; makePath: /configs/myconf/velocity/did_you_mean.vm
INFO  - 2015-02-20 21:21:23.710; org.apache.solr.common.cloud.SolrZkClient; makePath: /configs/myconf/velocity/product_doc.vm
INFO  - 2015-02-20 21:21:23.745; org.apache.solr.common.cloud.SolrZkClient; makePath: /configs/myconf/velocity/error.vm
INFO  - 2015-02-20 21:21:23.766; org.apache.solr.common.cloud.SolrZkClient; makePath: /configs/myconf/velocity/richtext_doc.vm
INFO  - 2015-02-20 21:21:23.821; org.apache.solr.common.cloud.SolrZkClient; makePath: /configs/myconf/velocity/query_group.vm
INFO  - 2015-02-20 21:21:23.844; org.apache.solr.common.cloud.SolrZkClient; makePath: /configs/myconf/velocity/head.vm
INFO  - 2015-02-20 21:21:23.889; org.apache.solr.common.cloud.SolrZkClient; makePath: /configs/myconf/velocity/query.vm
INFO  - 2015-02-20 21:21:23.921; org.apache.solr.common.cloud.SolrZkClient; makePath: /configs/myconf/velocity/tabs.vm
INFO  - 2015-02-20 21:21:23.955; org.apache.solr.common.cloud.SolrZkClient; makePath: /configs/myconf/velocity/query_spatial.vm
INFO  - 2015-02-20 21:21:23.988; org.apache.solr.common.cloud.SolrZkClient; makePath: /configs/myconf/velocity/pagination_bottom.vm
INFO  - 2015-02-20 21:21:24.010; org.apache.solr.common.cloud.SolrZkClient; makePath: /configs/myconf/velocity/jquery.autocomplete.css
INFO  - 2015-02-20 21:21:24.076; org.apache.solr.common.cloud.SolrZkClient; makePath: /configs/myconf/velocity/README.txt
INFO  - 2015-02-20 21:21:24.149; org.apache.solr.common.cloud.SolrZkClient; makePath: /configs/myconf/velocity/hit_grouped.vm
INFO  - 2015-02-20 21:21:24.188; org.apache.solr.common.cloud.SolrZkClient; makePath: /configs/myconf/velocity/results_list.vm
INFO  - 2015-02-20 21:21:24.238; org.apache.solr.common.cloud.SolrZkClient; makePath: /configs/myconf/velocity/join_doc.vm
INFO  - 2015-02-20 21:21:24.264; org.apache.solr.common.cloud.SolrZkClient; makePath: /configs/myconf/velocity/layout.vm
INFO  - 2015-02-20 21:21:24.275; org.apache.solr.common.cloud.SolrZkClient; makePath: /configs/myconf/velocity/jquery.autocomplete.js
INFO  - 2015-02-20 21:21:24.311; org.apache.solr.common.cloud.SolrZkClient; makePath: /configs/myconf/velocity/cluster.vm
INFO  - 2015-02-20 21:21:24.367; org.apache.solr.common.cloud.SolrZkClient; makePath: /configs/myconf/velocity/header.vm
INFO  - 2015-02-20 21:21:24.400; org.apache.solr.common.cloud.SolrZkClient; makePath: /configs/myconf/velocity/facet_fields.vm
INFO  - 2015-02-20 21:21:24.421; org.apache.solr.common.cloud.SolrZkClient; makePath: /configs/myconf/velocity/hit_plain.vm
INFO  - 2015-02-20 21:21:24.430; org.apache.solr.common.cloud.SolrZkClient; makePath: /configs/myconf/velocity/facet_queries.vm
INFO  - 2015-02-20 21:21:24.442; org.apache.solr.common.cloud.SolrZkClient; makePath: /configs/myconf/velocity/debug.vm
INFO  - 2015-02-20 21:21:24.488; org.apache.solr.common.cloud.SolrZkClient; makePath: /configs/myconf/velocity/cluster_results.vm
INFO  - 2015-02-20 21:21:24.534; org.apache.solr.common.cloud.SolrZkClient; makePath: /configs/myconf/velocity/query_form.vm
INFO  - 2015-02-20 21:21:24.565; org.apache.solr.common.cloud.SolrZkClient; makePath: /configs/myconf/velocity/footer.vm
INFO  - 2015-02-20 21:21:24.612; org.apache.solr.common.cloud.SolrZkClient; makePath: /configs/myconf/velocity/facets.vm
INFO  - 2015-02-20 21:21:24.644; org.apache.solr.common.cloud.SolrZkClient; makePath: /configs/myconf/velocity/VM_global_library.vm
INFO  - 2015-02-20 21:21:24.690; org.apache.solr.common.cloud.SolrZkClient; makePath: /configs/myconf/_schema_analysis_synonyms_english.json
INFO  - 2015-02-20 21:21:24.738; org.apache.solr.common.cloud.SolrZkClient; makePath: /configs/myconf/lang/stopwords_hu.txt
INFO  - 2015-02-20 21:21:24.800; org.apache.solr.common.cloud.SolrZkClient; makePath: /configs/myconf/lang/stopwords_bg.txt
INFO  - 2015-02-20 21:21:24.820; org.apache.solr.common.cloud.SolrZkClient; makePath: /configs/myconf/lang/stopwords_da.txt
INFO  - 2015-02-20 21:21:24.871; org.apache.solr.common.cloud.SolrZkClient; makePath: /configs/myconf/lang/stopwords_fr.txt
INFO  - 2015-02-20 21:21:24.923; org.apache.solr.common.cloud.SolrZkClient; makePath: /configs/myconf/lang/stopwords_sv.txt
INFO  - 2015-02-20 21:21:24.981; org.apache.solr.common.cloud.SolrZkClient; makePath: /configs/myconf/lang/stopwords_el.txt
INFO  - 2015-02-20 21:21:25.009; org.apache.solr.common.cloud.SolrZkClient; makePath: /configs/myconf/lang/stopwords_tr.txt
INFO  - 2015-02-20 21:21:25.045; org.apache.solr.common.cloud.SolrZkClient; makePath: /configs/myconf/lang/stopwords_ro.txt
INFO  - 2015-02-20 21:21:25.076; org.apache.solr.common.cloud.SolrZkClient; makePath: /configs/myconf/lang/stopwords_es.txt
INFO  - 2015-02-20 21:21:25.123; org.apache.solr.common.cloud.SolrZkClient; makePath: /configs/myconf/lang/stoptags_ja.txt
INFO  - 2015-02-20 21:21:25.198; org.apache.solr.common.cloud.SolrZkClient; makePath: /configs/myconf/lang/hyphenations_ga.txt
INFO  - 2015-02-20 21:21:25.232; org.apache.solr.common.cloud.SolrZkClient; makePath: /configs/myconf/lang/stopwords_pt.txt
INFO  - 2015-02-20 21:21:25.280; org.apache.solr.common.cloud.SolrZkClient; makePath: /configs/myconf/lang/contractions_it.txt
INFO  - 2015-02-20 21:21:25.309; org.apache.solr.common.cloud.SolrZkClient; makePath: /configs/myconf/lang/stopwords_id.txt
INFO  - 2015-02-20 21:21:25.357; org.apache.solr.common.cloud.SolrZkClient; makePath: /configs/myconf/lang/stopwords_de.txt
INFO  - 2015-02-20 21:21:25.414; org.apache.solr.common.cloud.SolrZkClient; makePath: /configs/myconf/lang/stopwords_cz.txt
INFO  - 2015-02-20 21:21:25.483; org.apache.solr.common.cloud.SolrZkClient; makePath: /configs/myconf/lang/stopwords_eu.txt
INFO  - 2015-02-20 21:21:25.520; org.apache.solr.common.cloud.SolrZkClient; makePath: /configs/myconf/lang/stopwords_th.txt
INFO  - 2015-02-20 21:21:25.542; org.apache.solr.common.cloud.SolrZkClient; makePath: /configs/myconf/lang/stopwords_hy.txt
INFO  - 2015-02-20 21:21:25.564; org.apache.solr.common.cloud.SolrZkClient; makePath: /configs/myconf/lang/contractions_fr.txt
INFO  - 2015-02-20 21:21:25.615; org.apache.solr.common.cloud.SolrZkClient; makePath: /configs/myconf/lang/stopwords_hi.txt
INFO  - 2015-02-20 21:21:25.641; org.apache.solr.common.cloud.SolrZkClient; makePath: /configs/myconf/lang/contractions_ca.txt
INFO  - 2015-02-20 21:21:25.664; org.apache.solr.common.cloud.SolrZkClient; makePath: /configs/myconf/lang/contractions_ga.txt
INFO  - 2015-02-20 21:21:25.715; org.apache.solr.common.cloud.SolrZkClient; makePath: /configs/myconf/lang/stopwords_nl.txt
INFO  - 2015-02-20 21:21:25.769; org.apache.solr.common.cloud.SolrZkClient; makePath: /configs/myconf/lang/stopwords_ga.txt
INFO  - 2015-02-20 21:21:25.797; org.apache.solr.common.cloud.SolrZkClient; makePath: /configs/myconf/lang/stopwords_ja.txt
INFO  - 2015-02-20 21:21:25.819; org.apache.solr.common.cloud.SolrZkClient; makePath: /configs/myconf/lang/stopwords_en.txt
INFO  - 2015-02-20 21:21:25.872; org.apache.solr.common.cloud.SolrZkClient; makePath: /configs/myconf/lang/stopwords_ar.txt
INFO  - 2015-02-20 21:21:25.897; org.apache.solr.common.cloud.SolrZkClient; makePath: /configs/myconf/lang/stopwords_lv.txt
INFO  - 2015-02-20 21:21:25.920; org.apache.solr.common.cloud.SolrZkClient; makePath: /configs/myconf/lang/stopwords_ru.txt
INFO  - 2015-02-20 21:21:25.983; org.apache.solr.common.cloud.SolrZkClient; makePath: /configs/myconf/lang/stopwords_no.txt
INFO  - 2015-02-20 21:21:26.049; org.apache.solr.common.cloud.SolrZkClient; makePath: /configs/myconf/lang/stemdict_nl.txt
INFO  - 2015-02-20 21:21:26.075; org.apache.solr.common.cloud.SolrZkClient; makePath: /configs/myconf/lang/stopwords_fa.txt
INFO  - 2015-02-20 21:21:26.128; org.apache.solr.common.cloud.SolrZkClient; makePath: /configs/myconf/lang/stopwords_ca.txt
INFO  - 2015-02-20 21:21:26.153; org.apache.solr.common.cloud.SolrZkClient; makePath: /configs/myconf/lang/stopwords_fi.txt
INFO  - 2015-02-20 21:21:26.206; org.apache.solr.common.cloud.SolrZkClient; makePath: /configs/myconf/lang/stopwords_gl.txt
INFO  - 2015-02-20 21:21:26.231; org.apache.solr.common.cloud.SolrZkClient; makePath: /configs/myconf/lang/stopwords_ckb.txt
INFO  - 2015-02-20 21:21:26.284; org.apache.solr.common.cloud.SolrZkClient; makePath: /configs/myconf/lang/stopwords_it.txt
INFO  - 2015-02-20 21:21:26.341; org.apache.solr.common.cloud.SolrZkClient; makePath: /configs/myconf/lang/userdict_ja.txt
INFO  - 2015-02-20 21:21:26.381; org.apache.solr.common.cloud.SolrZkClient; makePath: /configs/myconf/update-script.js
INFO  - 2015-02-20 21:21:26.452; org.apache.solr.common.cloud.SolrZkClient; makePath: /configs/myconf/xslt/example.xsl
INFO  - 2015-02-20 21:21:26.572; org.apache.solr.common.cloud.SolrZkClient; makePath: /configs/myconf/xslt/luke.xsl
INFO  - 2015-02-20 21:21:26.628; org.apache.solr.common.cloud.SolrZkClient; makePath: /configs/myconf/xslt/example_atom.xsl
INFO  - 2015-02-20 21:21:26.684; org.apache.solr.common.cloud.SolrZkClient; makePath: /configs/myconf/xslt/updateXml.xsl
INFO  - 2015-02-20 21:21:26.708; org.apache.solr.common.cloud.SolrZkClient; makePath: /configs/myconf/xslt/example_rss.xsl
INFO  - 2015-02-20 21:21:26.751; org.apache.solr.common.cloud.SolrZkClient; makePath: /configs/myconf/spellings.txt
INFO  - 2015-02-20 21:21:26.775; org.apache.solr.common.cloud.SolrZkClient; makePath: /configs/myconf/_schema_analysis_stopwords_english.json
INFO  - 2015-02-20 21:21:26.816; org.apache.solr.common.cloud.SolrZkClient; makePath: /configs/myconf/clustering/carrot2/stc-attributes.xml
INFO  - 2015-02-20 21:21:26.896; org.apache.solr.common.cloud.SolrZkClient; makePath: /configs/myconf/clustering/carrot2/lingo-attributes.xml
INFO  - 2015-02-20 21:21:26.954; org.apache.solr.common.cloud.SolrZkClient; makePath: /configs/myconf/clustering/carrot2/kmeans-attributes.xml
INFO  - 2015-02-20 21:21:26.985; org.apache.solr.common.cloud.SolrZkClient; makePath: /configs/myconf/admin-extra.menu-bottom.html
INFO  - 2015-02-20 21:21:27.040; org.apache.solr.core.CorePropertiesLocator; Looking for core definitions underneath /home/mediapc/git/datos/solr-4.10.3/node1/solr
INFO  - 2015-02-20 21:21:27.078; org.apache.solr.core.CorePropertiesLocator; Found core collection1 in /home/mediapc/git/datos/solr-4.10.3/node1/solr/collection1/
INFO  - 2015-02-20 21:21:27.079; org.apache.solr.core.CorePropertiesLocator; Found 1 core definitions
INFO  - 2015-02-20 21:21:27.095; org.apache.solr.cloud.ZkController; publishing core=collection1 state=down collection=collection1
INFO  - 2015-02-20 21:21:27.096; org.apache.solr.cloud.ZkController; numShards not found on descriptor - reading it from system property
INFO  - 2015-02-20 21:21:27.129; org.apache.solr.cloud.ZkController; look for our core node name
INFO  - 2015-02-20 21:21:27.129; org.apache.solr.cloud.DistributedQueue$LatchChildWatcher; LatchChildWatcher fired on path: /overseer/queue state: SyncConnected type NodeChildrenChanged
INFO  - 2015-02-20 21:21:27.139; org.apache.solr.cloud.Overseer$ClusterStateUpdater; Update state numShards=1 message={
  "operation":"state",
  "numShards":"1",
  "shard":null,
  "roles":null,
  "state":"down",
  "core":"collection1",
  "collection":"collection1",
  "node_name":"192.168.0.142:8983_solr",
  "base_url":"http://192.168.0.142:8983/solr"}
INFO  - 2015-02-20 21:21:27.140; org.apache.solr.cloud.Overseer$ClusterStateUpdater; Create collection collection1 with shards [shard1]
INFO  - 2015-02-20 21:21:27.149; org.apache.solr.cloud.Overseer$ClusterStateUpdater; Assigning new node to shard shard=shard1
INFO  - 2015-02-20 21:21:27.244; org.apache.solr.common.cloud.ZkStateReader$2; A cluster state change: WatchedEvent state:SyncConnected type:NodeDataChanged path:/clusterstate.json, has occurred - updating... (live nodes size: 1)
INFO  - 2015-02-20 21:21:28.130; org.apache.solr.cloud.ZkController; waiting to find shard id in clusterstate for collection1
INFO  - 2015-02-20 21:21:28.131; org.apache.solr.cloud.ZkController; Check for collection zkNode:collection1
INFO  - 2015-02-20 21:21:28.133; org.apache.solr.cloud.ZkController; Creating collection in ZooKeeper:collection1
INFO  - 2015-02-20 21:21:28.134; org.apache.solr.cloud.ZkController; Setting config for collection:collection1 to myconf
INFO  - 2015-02-20 21:21:28.135; org.apache.solr.common.cloud.SolrZkClient; makePath: /collections/collection1
INFO  - 2015-02-20 21:21:28.160; org.apache.solr.common.cloud.ZkStateReader; Load collection config from:/collections/collection1
INFO  - 2015-02-20 21:21:28.164; org.apache.solr.common.cloud.ZkStateReader; path=/collections/collection1 configName=myconf specified config exists in ZooKeeper
INFO  - 2015-02-20 21:21:28.164; org.apache.solr.core.SolrResourceLoader; new SolrResourceLoader for directory: '/home/mediapc/git/datos/solr-4.10.3/node1/solr/collection1/'
INFO  - 2015-02-20 21:21:28.470; org.apache.solr.core.SolrConfig; Adding specified lib dirs to ClassLoader
INFO  - 2015-02-20 21:21:28.618; org.apache.solr.core.SolrResourceLoader; Adding 'file:/home/mediapc/git/datos/solr-4.10.3/contrib/extraction/lib/bcprov-jdk15-1.45.jar' to classloader
INFO  - 2015-02-20 21:21:28.618; org.apache.solr.core.SolrResourceLoader; Adding 'file:/home/mediapc/git/datos/solr-4.10.3/contrib/extraction/lib/vorbis-java-tika-0.1.jar' to classloader
INFO  - 2015-02-20 21:21:28.618; org.apache.solr.core.SolrResourceLoader; Adding 'file:/home/mediapc/git/datos/solr-4.10.3/contrib/extraction/lib/jdom-1.0.jar' to classloader
INFO  - 2015-02-20 21:21:28.619; org.apache.solr.core.SolrResourceLoader; Adding 'file:/home/mediapc/git/datos/solr-4.10.3/contrib/extraction/lib/xmlbeans-2.6.0.jar' to classloader
INFO  - 2015-02-20 21:21:28.619; org.apache.solr.core.SolrResourceLoader; Adding 'file:/home/mediapc/git/datos/solr-4.10.3/contrib/extraction/lib/poi-ooxml-schemas-3.10.1.jar' to classloader
INFO  - 2015-02-20 21:21:28.619; org.apache.solr.core.SolrResourceLoader; Adding 'file:/home/mediapc/git/datos/solr-4.10.3/contrib/extraction/lib/tika-parsers-1.5.jar' to classloader
INFO  - 2015-02-20 21:21:28.619; org.apache.solr.core.SolrResourceLoader; Adding 'file:/home/mediapc/git/datos/solr-4.10.3/contrib/extraction/lib/jhighlight-1.0.jar' to classloader
INFO  - 2015-02-20 21:21:28.619; org.apache.solr.core.SolrResourceLoader; Adding 'file:/home/mediapc/git/datos/solr-4.10.3/contrib/extraction/lib/commons-compress-1.7.jar' to classloader
INFO  - 2015-02-20 21:21:28.620; org.apache.solr.core.SolrResourceLoader; Adding 'file:/home/mediapc/git/datos/solr-4.10.3/contrib/extraction/lib/isoparser-1.0-RC-1.jar' to classloader
INFO  - 2015-02-20 21:21:28.620; org.apache.solr.core.SolrResourceLoader; Adding 'file:/home/mediapc/git/datos/solr-4.10.3/contrib/extraction/lib/rome-0.9.jar' to classloader
INFO  - 2015-02-20 21:21:28.620; org.apache.solr.core.SolrResourceLoader; Adding 'file:/home/mediapc/git/datos/solr-4.10.3/contrib/extraction/lib/poi-ooxml-3.10.1.jar' to classloader
INFO  - 2015-02-20 21:21:28.620; org.apache.solr.core.SolrResourceLoader; Adding 'file:/home/mediapc/git/datos/solr-4.10.3/contrib/extraction/lib/tika-core-1.5.jar' to classloader
INFO  - 2015-02-20 21:21:28.621; org.apache.solr.core.SolrResourceLoader; Adding 'file:/home/mediapc/git/datos/solr-4.10.3/contrib/extraction/lib/apache-mime4j-core-0.7.2.jar' to classloader
INFO  - 2015-02-20 21:21:28.621; org.apache.solr.core.SolrResourceLoader; Adding 'file:/home/mediapc/git/datos/solr-4.10.3/contrib/extraction/lib/apache-mime4j-dom-0.7.2.jar' to classloader
INFO  - 2015-02-20 21:21:28.621; org.apache.solr.core.SolrResourceLoader; Adding 'file:/home/mediapc/git/datos/solr-4.10.3/contrib/extraction/lib/xercesImpl-2.9.1.jar' to classloader
INFO  - 2015-02-20 21:21:28.621; org.apache.solr.core.SolrResourceLoader; Adding 'file:/home/mediapc/git/datos/solr-4.10.3/contrib/extraction/lib/xmpcore-5.1.2.jar' to classloader
INFO  - 2015-02-20 21:21:28.622; org.apache.solr.core.SolrResourceLoader; Adding 'file:/home/mediapc/git/datos/solr-4.10.3/contrib/extraction/lib/vorbis-java-core-0.1.jar' to classloader
INFO  - 2015-02-20 21:21:28.622; org.apache.solr.core.SolrResourceLoader; Adding 'file:/home/mediapc/git/datos/solr-4.10.3/contrib/extraction/lib/poi-scratchpad-3.10.1.jar' to classloader
INFO  - 2015-02-20 21:21:28.622; org.apache.solr.core.SolrResourceLoader; Adding 'file:/home/mediapc/git/datos/solr-4.10.3/contrib/extraction/lib/juniversalchardet-1.0.3.jar' to classloader
INFO  - 2015-02-20 21:21:28.622; org.apache.solr.core.SolrResourceLoader; Adding 'file:/home/mediapc/git/datos/solr-4.10.3/contrib/extraction/lib/boilerpipe-1.1.0.jar' to classloader
INFO  - 2015-02-20 21:21:28.623; org.apache.solr.core.SolrResourceLoader; Adding 'file:/home/mediapc/git/datos/solr-4.10.3/contrib/extraction/lib/pdfbox-1.8.4.jar' to classloader
INFO  - 2015-02-20 21:21:28.623; org.apache.solr.core.SolrResourceLoader; Adding 'file:/home/mediapc/git/datos/solr-4.10.3/contrib/extraction/lib/fontbox-1.8.4.jar' to classloader
INFO  - 2015-02-20 21:21:28.623; org.apache.solr.core.SolrResourceLoader; Adding 'file:/home/mediapc/git/datos/solr-4.10.3/contrib/extraction/lib/icu4j-53.1.jar' to classloader
INFO  - 2015-02-20 21:21:28.623; org.apache.solr.core.SolrResourceLoader; Adding 'file:/home/mediapc/git/datos/solr-4.10.3/contrib/extraction/lib/tagsoup-1.2.1.jar' to classloader
INFO  - 2015-02-20 21:21:28.624; org.apache.solr.core.SolrResourceLoader; Adding 'file:/home/mediapc/git/datos/solr-4.10.3/contrib/extraction/lib/bcmail-jdk15-1.45.jar' to classloader
INFO  - 2015-02-20 21:21:28.624; org.apache.solr.core.SolrResourceLoader; Adding 'file:/home/mediapc/git/datos/solr-4.10.3/contrib/extraction/lib/metadata-extractor-2.6.2.jar' to classloader
INFO  - 2015-02-20 21:21:28.624; org.apache.solr.core.SolrResourceLoader; Adding 'file:/home/mediapc/git/datos/solr-4.10.3/contrib/extraction/lib/aspectjrt-1.6.11.jar' to classloader
INFO  - 2015-02-20 21:21:28.624; org.apache.solr.core.SolrResourceLoader; Adding 'file:/home/mediapc/git/datos/solr-4.10.3/contrib/extraction/lib/xz-1.4.jar' to classloader
INFO  - 2015-02-20 21:21:28.624; org.apache.solr.core.SolrResourceLoader; Adding 'file:/home/mediapc/git/datos/solr-4.10.3/contrib/extraction/lib/dom4j-1.6.1.jar' to classloader
INFO  - 2015-02-20 21:21:28.625; org.apache.solr.core.SolrResourceLoader; Adding 'file:/home/mediapc/git/datos/solr-4.10.3/contrib/extraction/lib/poi-3.10.1.jar' to classloader
INFO  - 2015-02-20 21:21:28.625; org.apache.solr.core.SolrResourceLoader; Adding 'file:/home/mediapc/git/datos/solr-4.10.3/contrib/extraction/lib/jempbox-1.8.4.jar' to classloader
INFO  - 2015-02-20 21:21:28.625; org.apache.solr.core.SolrResourceLoader; Adding 'file:/home/mediapc/git/datos/solr-4.10.3/contrib/extraction/lib/tika-xmp-1.5.jar' to classloader
INFO  - 2015-02-20 21:21:28.660; org.apache.solr.core.SolrResourceLoader; Adding 'file:/home/mediapc/git/datos/solr-4.10.3/dist/solr-cell-4.10.3.jar' to classloader
INFO  - 2015-02-20 21:21:28.663; org.apache.solr.core.SolrResourceLoader; Adding 'file:/home/mediapc/git/datos/solr-4.10.3/contrib/clustering/lib/mahout-collections-1.0.jar' to classloader
INFO  - 2015-02-20 21:21:28.664; org.apache.solr.core.SolrResourceLoader; Adding 'file:/home/mediapc/git/datos/solr-4.10.3/contrib/clustering/lib/hppc-0.5.2.jar' to classloader
INFO  - 2015-02-20 21:21:28.664; org.apache.solr.core.SolrResourceLoader; Adding 'file:/home/mediapc/git/datos/solr-4.10.3/contrib/clustering/lib/jackson-mapper-asl-1.9.13.jar' to classloader
INFO  - 2015-02-20 21:21:28.664; org.apache.solr.core.SolrResourceLoader; Adding 'file:/home/mediapc/git/datos/solr-4.10.3/contrib/clustering/lib/simple-xml-2.7.jar' to classloader
INFO  - 2015-02-20 21:21:28.665; org.apache.solr.core.SolrResourceLoader; Adding 'file:/home/mediapc/git/datos/solr-4.10.3/contrib/clustering/lib/mahout-math-0.6.jar' to classloader
INFO  - 2015-02-20 21:21:28.665; org.apache.solr.core.SolrResourceLoader; Adding 'file:/home/mediapc/git/datos/solr-4.10.3/contrib/clustering/lib/jackson-core-asl-1.9.13.jar' to classloader
INFO  - 2015-02-20 21:21:28.665; org.apache.solr.core.SolrResourceLoader; Adding 'file:/home/mediapc/git/datos/solr-4.10.3/contrib/clustering/lib/carrot2-mini-3.9.0.jar' to classloader
INFO  - 2015-02-20 21:21:28.665; org.apache.solr.core.SolrResourceLoader; Adding 'file:/home/mediapc/git/datos/solr-4.10.3/contrib/clustering/lib/attributes-binder-1.2.1.jar' to classloader
INFO  - 2015-02-20 21:21:28.666; org.apache.solr.core.SolrResourceLoader; Adding 'file:/home/mediapc/git/datos/solr-4.10.3/dist/solr-clustering-4.10.3.jar' to classloader
INFO  - 2015-02-20 21:21:28.667; org.apache.solr.core.SolrResourceLoader; Adding 'file:/home/mediapc/git/datos/solr-4.10.3/contrib/langid/lib/langdetect-1.1-20120112.jar' to classloader
INFO  - 2015-02-20 21:21:28.667; org.apache.solr.core.SolrResourceLoader; Adding 'file:/home/mediapc/git/datos/solr-4.10.3/contrib/langid/lib/jsonic-1.2.7.jar' to classloader
INFO  - 2015-02-20 21:21:28.668; org.apache.solr.core.SolrResourceLoader; Adding 'file:/home/mediapc/git/datos/solr-4.10.3/dist/solr-langid-4.10.3.jar' to classloader
INFO  - 2015-02-20 21:21:28.671; org.apache.solr.core.SolrResourceLoader; Adding 'file:/home/mediapc/git/datos/solr-4.10.3/contrib/velocity/lib/velocity-1.7.jar' to classloader
INFO  - 2015-02-20 21:21:28.672; org.apache.solr.core.SolrResourceLoader; Adding 'file:/home/mediapc/git/datos/solr-4.10.3/contrib/velocity/lib/velocity-tools-2.0.jar' to classloader
INFO  - 2015-02-20 21:21:28.672; org.apache.solr.core.SolrResourceLoader; Adding 'file:/home/mediapc/git/datos/solr-4.10.3/contrib/velocity/lib/commons-beanutils-1.8.3.jar' to classloader
INFO  - 2015-02-20 21:21:28.672; org.apache.solr.core.SolrResourceLoader; Adding 'file:/home/mediapc/git/datos/solr-4.10.3/contrib/velocity/lib/commons-collections-3.2.1.jar' to classloader
INFO  - 2015-02-20 21:21:28.673; org.apache.solr.core.SolrResourceLoader; Adding 'file:/home/mediapc/git/datos/solr-4.10.3/dist/solr-velocity-4.10.3.jar' to classloader
INFO  - 2015-02-20 21:21:29.903; org.apache.solr.update.SolrIndexConfig; IndexWriter infoStream solr logging is enabled
INFO  - 2015-02-20 21:21:29.923; org.apache.solr.core.SolrConfig; Using Lucene MatchVersion: 4.10.3
INFO  - 2015-02-20 21:21:30.305; org.apache.solr.core.SolrConfig; Loaded SolrConfig: solrconfig.xml
INFO  - 2015-02-20 21:21:30.316; org.apache.solr.schema.IndexSchema; Reading Solr Schema from /configs/myconf/schema.xml
INFO  - 2015-02-20 21:21:30.403; org.apache.solr.schema.IndexSchema; [collection1] Schema name=example
INFO  - 2015-02-20 21:21:31.484; org.apache.solr.schema.IndexSchema; unique key field: id
INFO  - 2015-02-20 21:21:31.502; org.apache.solr.rest.RestManager$Registry; Registered ManagedResource impl org.apache.solr.rest.schema.analysis.ManagedWordSetResource for path /schema/analysis/stopwords/english
INFO  - 2015-02-20 21:21:31.503; org.apache.solr.rest.RestManager$Registry; Registered ManagedResource impl org.apache.solr.rest.schema.analysis.ManagedSynonymFilterFactory$SynonymManager for path /schema/analysis/synonyms/english
INFO  - 2015-02-20 21:21:31.686; org.apache.solr.schema.FileExchangeRateProvider; Reloading exchange rates from file currency.xml
INFO  - 2015-02-20 21:21:31.698; org.apache.solr.schema.FileExchangeRateProvider; Reloading exchange rates from file currency.xml
INFO  - 2015-02-20 21:21:31.946; org.apache.solr.core.CoreContainer; Creating SolrCore 'collection1' using configuration from collection collection1
INFO  - 2015-02-20 21:21:31.983; org.apache.solr.core.SolrCore; solr.NRTCachingDirectoryFactory
INFO  - 2015-02-20 21:21:31.993; org.apache.solr.core.SolrCore; [collection1] Opening new SolrCore at /home/mediapc/git/datos/solr-4.10.3/node1/solr/collection1/, dataDir=/home/mediapc/git/datos/solr-4.10.3/node1/solr/collection1/data/
INFO  - 2015-02-20 21:21:31.995; org.apache.solr.core.JmxMonitoredMap; JMX monitoring is enabled. Adding Solr mbeans to JMX Server: com.sun.jmx.mbeanserver.JmxMBeanServer@1440638
INFO  - 2015-02-20 21:21:32.016; org.apache.solr.core.SolrCore; [collection1] Added SolrEventListener for newSearcher: org.apache.solr.core.QuerySenderListener{queries=[]}
INFO  - 2015-02-20 21:21:32.016; org.apache.solr.core.SolrCore; [collection1] Added SolrEventListener for firstSearcher: org.apache.solr.core.QuerySenderListener{queries=[{q=static firstSearcher warming in solrconfig.xml}]}
INFO  - 2015-02-20 21:21:32.031; org.apache.solr.core.CachingDirectoryFactory; return new directory for /home/mediapc/git/datos/solr-4.10.3/node1/solr/collection1/data
INFO  - 2015-02-20 21:21:32.051; org.apache.solr.core.SolrCore; New index directory detected: old=null new=/home/mediapc/git/datos/solr-4.10.3/node1/solr/collection1/data/index/
WARN  - 2015-02-20 21:21:32.052; org.apache.solr.core.SolrCore; [collection1] Solr index directory '/home/mediapc/git/datos/solr-4.10.3/node1/solr/collection1/data/index' doesn't exist. Creating new index...
INFO  - 2015-02-20 21:21:32.067; org.apache.solr.core.CachingDirectoryFactory; return new directory for /home/mediapc/git/datos/solr-4.10.3/node1/solr/collection1/data/index
INFO  - 2015-02-20 21:21:32.211; org.apache.solr.core.SolrDeletionPolicy; SolrDeletionPolicy.onCommit: commits: num=1
	commit{dir=NRTCachingDirectory(NIOFSDirectory@/home/mediapc/git/datos/solr-4.10.3/node1/solr/collection1/data/index lockFactory=NativeFSLockFactory@/home/mediapc/git/datos/solr-4.10.3/node1/solr/collection1/data/index; maxCacheMB=48.0 maxMergeSizeMB=4.0),segFN=segments_1,generation=1}
INFO  - 2015-02-20 21:21:32.212; org.apache.solr.core.SolrDeletionPolicy; newest commit generation = 1
INFO  - 2015-02-20 21:21:32.217; org.apache.solr.core.SolrCore; created json: solr.JSONResponseWriter
INFO  - 2015-02-20 21:21:32.218; org.apache.solr.core.SolrCore; adding lazy queryResponseWriter: solr.VelocityResponseWriter
INFO  - 2015-02-20 21:21:32.219; org.apache.solr.core.SolrCore; created velocity: solr.VelocityResponseWriter
INFO  - 2015-02-20 21:21:32.245; org.apache.solr.core.SolrCore; created xslt: solr.XSLTResponseWriter
INFO  - 2015-02-20 21:21:32.246; org.apache.solr.response.XSLTResponseWriter; xsltCacheLifetimeSeconds=5
INFO  - 2015-02-20 21:21:32.351; org.apache.solr.core.SolrCore; no updateRequestProcessorChain defined as default, creating implicit default
INFO  - 2015-02-20 21:21:32.362; org.apache.solr.core.RequestHandlers; created /update: org.apache.solr.handler.UpdateRequestHandler
INFO  - 2015-02-20 21:21:32.363; org.apache.solr.core.RequestHandlers; created /update/json: org.apache.solr.handler.UpdateRequestHandler
INFO  - 2015-02-20 21:21:32.364; org.apache.solr.core.RequestHandlers; created /update/csv: org.apache.solr.handler.UpdateRequestHandler
INFO  - 2015-02-20 21:21:32.365; org.apache.solr.core.RequestHandlers; created /update/json/docs: org.apache.solr.handler.UpdateRequestHandler
INFO  - 2015-02-20 21:21:32.371; org.apache.solr.core.RequestHandlers; created /select: solr.SearchHandler
INFO  - 2015-02-20 21:21:32.372; org.apache.solr.core.RequestHandlers; created /query: solr.SearchHandler
INFO  - 2015-02-20 21:21:32.375; org.apache.solr.core.RequestHandlers; created /get: solr.RealTimeGetHandler
INFO  - 2015-02-20 21:21:32.376; org.apache.solr.core.RequestHandlers; created /export: solr.SearchHandler
INFO  - 2015-02-20 21:21:32.377; org.apache.solr.core.RequestHandlers; created /browse: solr.SearchHandler
WARN  - 2015-02-20 21:21:32.380; org.apache.solr.core.RequestHandlers; Multiple requestHandler registered to the same name: /update ignoring: org.apache.solr.handler.UpdateRequestHandler
INFO  - 2015-02-20 21:21:32.380; org.apache.solr.core.RequestHandlers; created /update: solr.UpdateRequestHandler
INFO  - 2015-02-20 21:21:32.380; org.apache.solr.core.RequestHandlers; adding lazy requestHandler: solr.extraction.ExtractingRequestHandler
INFO  - 2015-02-20 21:21:32.381; org.apache.solr.core.RequestHandlers; created /update/extract: solr.extraction.ExtractingRequestHandler
INFO  - 2015-02-20 21:21:32.382; org.apache.solr.core.RequestHandlers; adding lazy requestHandler: solr.FieldAnalysisRequestHandler
INFO  - 2015-02-20 21:21:32.382; org.apache.solr.core.RequestHandlers; created /analysis/field: solr.FieldAnalysisRequestHandler
INFO  - 2015-02-20 21:21:32.382; org.apache.solr.core.RequestHandlers; adding lazy requestHandler: solr.DocumentAnalysisRequestHandler
INFO  - 2015-02-20 21:21:32.382; org.apache.solr.core.RequestHandlers; created /analysis/document: solr.DocumentAnalysisRequestHandler
INFO  - 2015-02-20 21:21:32.385; org.apache.solr.core.RequestHandlers; created /admin/: solr.admin.AdminHandlers
INFO  - 2015-02-20 21:21:32.389; org.apache.solr.core.RequestHandlers; created /admin/ping: solr.PingRequestHandler
INFO  - 2015-02-20 21:21:32.392; org.apache.solr.core.RequestHandlers; created /debug/dump: solr.DumpRequestHandler
INFO  - 2015-02-20 21:21:32.405; org.apache.solr.core.RequestHandlers; created /replication: solr.ReplicationHandler
INFO  - 2015-02-20 21:21:32.405; org.apache.solr.core.RequestHandlers; adding lazy requestHandler: solr.SearchHandler
INFO  - 2015-02-20 21:21:32.406; org.apache.solr.core.RequestHandlers; created /spell: solr.SearchHandler
INFO  - 2015-02-20 21:21:32.406; org.apache.solr.core.RequestHandlers; adding lazy requestHandler: solr.SearchHandler
INFO  - 2015-02-20 21:21:32.406; org.apache.solr.core.RequestHandlers; created /tvrh: solr.SearchHandler
INFO  - 2015-02-20 21:21:32.406; org.apache.solr.core.RequestHandlers; adding lazy requestHandler: solr.SearchHandler
INFO  - 2015-02-20 21:21:32.406; org.apache.solr.core.RequestHandlers; created /terms: solr.SearchHandler
INFO  - 2015-02-20 21:21:32.406; org.apache.solr.core.RequestHandlers; adding lazy requestHandler: solr.SearchHandler
INFO  - 2015-02-20 21:21:32.406; org.apache.solr.core.RequestHandlers; created /elevate: solr.SearchHandler
INFO  - 2015-02-20 21:21:32.454; org.apache.solr.handler.loader.XMLLoader; xsltCacheLifetimeSeconds=60
INFO  - 2015-02-20 21:21:32.457; org.apache.solr.handler.loader.XMLLoader; xsltCacheLifetimeSeconds=60
INFO  - 2015-02-20 21:21:32.457; org.apache.solr.handler.loader.XMLLoader; xsltCacheLifetimeSeconds=60
INFO  - 2015-02-20 21:21:32.458; org.apache.solr.handler.loader.XMLLoader; xsltCacheLifetimeSeconds=60
INFO  - 2015-02-20 21:21:32.459; org.apache.solr.handler.loader.XMLLoader; xsltCacheLifetimeSeconds=60
INFO  - 2015-02-20 21:21:32.475; org.apache.solr.update.CommitTracker; Hard AutoCommit: if uncommited for 15000ms; 
INFO  - 2015-02-20 21:21:32.476; org.apache.solr.update.CommitTracker; Soft AutoCommit: disabled
INFO  - 2015-02-20 21:21:32.480; org.apache.solr.core.SolrDeletionPolicy; SolrDeletionPolicy.onInit: commits: num=1
	commit{dir=NRTCachingDirectory(NIOFSDirectory@/home/mediapc/git/datos/solr-4.10.3/node1/solr/collection1/data/index lockFactory=NativeFSLockFactory@/home/mediapc/git/datos/solr-4.10.3/node1/solr/collection1/data/index; maxCacheMB=48.0 maxMergeSizeMB=4.0),segFN=segments_1,generation=1}
INFO  - 2015-02-20 21:21:32.480; org.apache.solr.core.SolrDeletionPolicy; newest commit generation = 1
INFO  - 2015-02-20 21:21:32.487; org.apache.solr.search.SolrIndexSearcher; Opening Searcher@1f88c89[collection1] main
INFO  - 2015-02-20 21:21:32.498; org.apache.solr.common.cloud.ZkStateReader; Load collection config from:/collections/collection1
INFO  - 2015-02-20 21:21:32.502; org.apache.solr.common.cloud.ZkStateReader; path=/collections/collection1 configName=myconf specified config exists in ZooKeeper
INFO  - 2015-02-20 21:21:32.503; org.apache.solr.rest.ManagedResourceStorage; Setting up ZooKeeper-based storage for the RestManager with znodeBase: /configs/myconf
INFO  - 2015-02-20 21:21:32.506; org.apache.solr.rest.ManagedResourceStorage$ZooKeeperStorageIO; Configured ZooKeeperStorageIO with znodeBase: /configs/myconf
INFO  - 2015-02-20 21:21:32.507; org.apache.solr.rest.RestManager; Initializing RestManager with initArgs: {}
INFO  - 2015-02-20 21:21:32.510; org.apache.solr.rest.ManagedResourceStorage; Reading _rest_managed.json using ZooKeeperStorageIO:path=/configs/myconf
INFO  - 2015-02-20 21:21:32.513; org.apache.solr.rest.ManagedResourceStorage$ZooKeeperStorageIO; Read 34 bytes from znode /configs/myconf/_rest_managed.json
INFO  - 2015-02-20 21:21:32.514; org.apache.solr.rest.ManagedResourceStorage; Loaded LinkedHashMap at path _rest_managed.json using ZooKeeperStorageIO:path=/configs/myconf
INFO  - 2015-02-20 21:21:32.514; org.apache.solr.rest.ManagedResource; Loaded initArgs {} for /rest/managed
INFO  - 2015-02-20 21:21:32.515; org.apache.solr.rest.RestManager; Initializing 2 registered ManagedResources
INFO  - 2015-02-20 21:21:32.515; org.apache.solr.rest.ManagedResourceStorage; Reading _schema_analysis_stopwords_english.json using ZooKeeperStorageIO:path=/configs/myconf
INFO  - 2015-02-20 21:21:32.519; org.apache.solr.rest.ManagedResourceStorage$ZooKeeperStorageIO; Read 488 bytes from znode /configs/myconf/_schema_analysis_stopwords_english.json
INFO  - 2015-02-20 21:21:32.520; org.apache.solr.rest.ManagedResourceStorage; Loaded LinkedHashMap at path _schema_analysis_stopwords_english.json using ZooKeeperStorageIO:path=/configs/myconf
INFO  - 2015-02-20 21:21:32.520; org.apache.solr.rest.ManagedResource; Loaded initArgs {ignoreCase=true} for /schema/analysis/stopwords/english
INFO  - 2015-02-20 21:21:32.520; org.apache.solr.rest.schema.analysis.ManagedWordSetResource; Loaded 35 words for /schema/analysis/stopwords/english
INFO  - 2015-02-20 21:21:32.521; org.apache.solr.rest.ManagedResource; Notified 1 observers of /schema/analysis/stopwords/english
INFO  - 2015-02-20 21:21:32.521; org.apache.solr.rest.ManagedResourceStorage; Reading _schema_analysis_synonyms_english.json using ZooKeeperStorageIO:path=/configs/myconf
INFO  - 2015-02-20 21:21:32.523; org.apache.solr.rest.ManagedResourceStorage$ZooKeeperStorageIO; Read 183 bytes from znode /configs/myconf/_schema_analysis_synonyms_english.json
INFO  - 2015-02-20 21:21:32.524; org.apache.solr.rest.ManagedResourceStorage; Loaded LinkedHashMap at path _schema_analysis_synonyms_english.json using ZooKeeperStorageIO:path=/configs/myconf
INFO  - 2015-02-20 21:21:32.524; org.apache.solr.rest.ManagedResource; Loaded initArgs {ignoreCase=true,format=solr} for /schema/analysis/synonyms/english
INFO  - 2015-02-20 21:21:32.525; org.apache.solr.rest.schema.analysis.ManagedSynonymFilterFactory$SynonymManager; Loaded 3 synonym mappings for /schema/analysis/synonyms/english
INFO  - 2015-02-20 21:21:32.528; org.apache.solr.rest.ManagedResource; Notified 1 observers of /schema/analysis/synonyms/english
INFO  - 2015-02-20 21:21:32.528; org.apache.solr.handler.component.SpellCheckComponent; Initializing spell checkers
INFO  - 2015-02-20 21:21:32.536; org.apache.solr.spelling.DirectSolrSpellChecker; init: {name=default,field=text,classname=solr.DirectSolrSpellChecker,distanceMeasure=internal,accuracy=0.5,maxEdits=2,minPrefix=1,maxInspections=5,minQueryLength=4,maxQueryFrequency=0.01}
INFO  - 2015-02-20 21:21:32.544; org.apache.solr.handler.component.SpellCheckComponent; No queryConverter defined, using default converter
INFO  - 2015-02-20 21:21:32.546; org.apache.solr.common.cloud.ZkStateReader; Load collection config from:/collections/collection1
INFO  - 2015-02-20 21:21:32.550; org.apache.solr.common.cloud.ZkStateReader; path=/collections/collection1 configName=myconf specified config exists in ZooKeeper
INFO  - 2015-02-20 21:21:32.589; org.apache.solr.handler.ReplicationHandler; Commits will be reserved for  10000
INFO  - 2015-02-20 21:21:32.590; org.apache.solr.core.QuerySenderListener; QuerySenderListener sending requests to Searcher@1f88c89[collection1] main{StandardDirectoryReader(segments_1:1:nrt)}
INFO  - 2015-02-20 21:21:32.649; org.apache.solr.core.SolrCore; [collection1] webapp=null path=null params={event=firstSearcher&q=static+firstSearcher+warming+in+solrconfig.xml&distrib=false} hits=0 status=0 QTime=55 
INFO  - 2015-02-20 21:21:32.650; org.apache.solr.core.QuerySenderListener; QuerySenderListener done.
INFO  - 2015-02-20 21:21:32.650; org.apache.solr.handler.component.SpellCheckComponent$SpellCheckerListener; Loading spell index for spellchecker: default
INFO  - 2015-02-20 21:21:32.651; org.apache.solr.handler.component.SpellCheckComponent$SpellCheckerListener; Loading spell index for spellchecker: wordbreak
INFO  - 2015-02-20 21:21:32.655; org.apache.solr.core.SolrCore; [collection1] Registered new searcher Searcher@1f88c89[collection1] main{StandardDirectoryReader(segments_1:1:nrt)}
INFO  - 2015-02-20 21:21:32.658; org.apache.solr.core.CoreContainer; registering core: collection1
INFO  - 2015-02-20 21:21:32.668; org.apache.solr.cloud.ZkController; Register replica - core:collection1 address:http://192.168.0.142:8983/solr collection:collection1 shard:shard1
INFO  - 2015-02-20 21:21:32.673; org.apache.solr.servlet.SolrDispatchFilter; user.dir=/home/mediapc/git/datos/solr-4.10.3/node1
INFO  - 2015-02-20 21:21:32.673; org.apache.solr.servlet.SolrDispatchFilter; SolrDispatchFilter.init() done
INFO  - 2015-02-20 21:21:32.722; org.apache.solr.common.cloud.SolrZkClient; makePath: /collections/collection1/leader_elect/shard1/election
INFO  - 2015-02-20 21:21:32.872; org.apache.solr.cloud.ShardLeaderElectionContext; Running the leader process for shard shard1
INFO  - 2015-02-20 21:21:32.962; org.apache.solr.cloud.DistributedQueue$LatchChildWatcher; LatchChildWatcher fired on path: /overseer/queue state: SyncConnected type NodeChildrenChanged
INFO  - 2015-02-20 21:21:32.965; org.apache.solr.cloud.ShardLeaderElectionContext; Enough replicas found to continue.
INFO  - 2015-02-20 21:21:32.965; org.apache.solr.cloud.ShardLeaderElectionContext; I may be the new leader - try and sync
INFO  - 2015-02-20 21:21:32.966; org.apache.solr.cloud.SyncStrategy; Sync replicas to http://192.168.0.142:8983/solr/collection1/
INFO  - 2015-02-20 21:21:32.966; org.apache.solr.cloud.SyncStrategy; Sync Success - now sync replicas to me
INFO  - 2015-02-20 21:21:32.966; org.apache.solr.cloud.SyncStrategy; http://192.168.0.142:8983/solr/collection1/ has no replicas
INFO  - 2015-02-20 21:21:32.967; org.apache.solr.cloud.ShardLeaderElectionContext; I am the new leader: http://192.168.0.142:8983/solr/collection1/ shard1
INFO  - 2015-02-20 21:21:32.968; org.apache.solr.common.cloud.SolrZkClient; makePath: /collections/collection1/leaders/shard1
INFO  - 2015-02-20 21:21:32.988; org.eclipse.jetty.server.AbstractConnector; Started SocketConnector@0.0.0.0:8983
INFO  - 2015-02-20 21:21:33.054; org.apache.solr.common.cloud.ZkStateReader$2; A cluster state change: WatchedEvent state:SyncConnected type:NodeDataChanged path:/clusterstate.json, has occurred - updating... (live nodes size: 1)
INFO  - 2015-02-20 21:21:33.150; org.apache.solr.cloud.DistributedQueue$LatchChildWatcher; LatchChildWatcher fired on path: /overseer/queue state: SyncConnected type NodeChildrenChanged
INFO  - 2015-02-20 21:21:33.261; org.apache.solr.common.cloud.ZkStateReader$2; A cluster state change: WatchedEvent state:SyncConnected type:NodeDataChanged path:/clusterstate.json, has occurred - updating... (live nodes size: 1)
INFO  - 2015-02-20 21:21:33.318; org.apache.solr.cloud.ZkController; We are http://192.168.0.142:8983/solr/collection1/ and leader is http://192.168.0.142:8983/solr/collection1/
INFO  - 2015-02-20 21:21:33.319; org.apache.solr.cloud.ZkController; No LogReplay needed for core=collection1 baseURL=http://192.168.0.142:8983/solr
INFO  - 2015-02-20 21:21:33.319; org.apache.solr.cloud.ZkController; I am the leader, no recovery necessary
INFO  - 2015-02-20 21:21:33.320; org.apache.solr.cloud.ZkController; publishing core=collection1 state=active collection=collection1
INFO  - 2015-02-20 21:21:33.320; org.apache.solr.cloud.ZkController; numShards not found on descriptor - reading it from system property
INFO  - 2015-02-20 21:21:33.350; org.apache.solr.cloud.DistributedQueue$LatchChildWatcher; LatchChildWatcher fired on path: /overseer/queue state: SyncConnected type NodeChildrenChanged
INFO  - 2015-02-20 21:21:33.358; org.apache.solr.cloud.Overseer$ClusterStateUpdater; Update state numShards=1 message={
  "operation":"state",
  "core_node_name":"core_node1",
  "numShards":"1",
  "shard":"shard1",
  "roles":null,
  "state":"active",
  "core":"collection1",
  "collection":"collection1",
  "node_name":"192.168.0.142:8983_solr",
  "base_url":"http://192.168.0.142:8983/solr"}
INFO  - 2015-02-20 21:21:33.494; org.apache.solr.common.cloud.ZkStateReader$2; A cluster state change: WatchedEvent state:SyncConnected type:NodeDataChanged path:/clusterstate.json, has occurred - updating... (live nodes size: 1)
INFO  - 2015-02-20 21:25:31.530; org.apache.solr.servlet.SolrDispatchFilter; [admin] webapp=null path=/admin/cores params={indexInfo=false&_=1424467531521&wt=json} status=0 QTime=3 
INFO  - 2015-02-20 21:25:31.953; org.apache.solr.servlet.SolrDispatchFilter; [admin] webapp=null path=/admin/info/system params={_=1424467531610&wt=json} status=0 QTime=337 
INFO  - 2015-02-20 21:33:31.873; org.apache.solr.servlet.SolrDispatchFilter; [admin] webapp=null path=/admin/cores params={indexInfo=false&_=1424468011866&wt=json} status=0 QTime=0 
INFO  - 2015-02-20 21:33:32.505; org.apache.solr.servlet.SolrDispatchFilter; [admin] webapp=null path=/admin/info/system params={_=1424468012162&wt=json} status=0 QTime=337 
WARN  - 2015-02-20 21:45:28.079; org.apache.zookeeper.server.NIOServerCnxn; caught end of stream exception
EndOfStreamException: Unable to read additional data from client sessionid 0x14ba8ddc6aa0000, likely client has closed socket
	at org.apache.zookeeper.server.NIOServerCnxn.doIO(NIOServerCnxn.java:228)
	at org.apache.zookeeper.server.NIOServerCnxnFactory.run(NIOServerCnxnFactory.java:208)
	at java.lang.Thread.run(Thread.java:745)
INFO  - 2015-02-20 21:45:28.106; org.apache.solr.common.cloud.ConnectionManager; Watcher org.apache.solr.common.cloud.ConnectionManager@174f7a7 name:ZooKeeperConnection Watcher:localhost:9983 got event WatchedEvent state:Disconnected type:None path:null path:null type:None
INFO  - 2015-02-20 21:45:28.449; org.apache.solr.common.cloud.ConnectionManager; zkClient has disconnected
INFO  - 2015-02-20 21:45:28.464; org.apache.solr.cloud.DistributedQueue$LatchChildWatcher; LatchChildWatcher fired on path: null state: Disconnected type None
INFO  - 2015-02-20 21:45:28.471; org.apache.solr.cloud.DistributedQueue$LatchChildWatcher; LatchChildWatcher fired on path: null state: Disconnected type None
INFO  - 2015-02-20 21:45:29.237; org.apache.solr.common.cloud.ConnectionManager; Watcher org.apache.solr.common.cloud.ConnectionManager@174f7a7 name:ZooKeeperConnection Watcher:localhost:9983 got event WatchedEvent state:SyncConnected type:None path:null path:null type:None
INFO  - 2015-02-20 21:45:29.237; org.apache.solr.cloud.DistributedQueue$LatchChildWatcher; LatchChildWatcher fired on path: null state: SyncConnected type None
INFO  - 2015-02-20 21:45:29.237; org.apache.solr.cloud.DistributedQueue$LatchChildWatcher; LatchChildWatcher fired on path: null state: SyncConnected type None
INFO  - 2015-02-20 21:45:56.550; org.apache.solr.update.DirectUpdateHandler2; start commit{,optimize=false,openSearcher=true,waitSearcher=true,expungeDeletes=false,softCommit=false,prepareCommit=false}
INFO  - 2015-02-20 21:45:56.552; org.apache.solr.update.DirectUpdateHandler2; No uncommitted changes. Skipping IW.commit.
INFO  - 2015-02-20 21:45:56.576; org.apache.solr.core.SolrCore; SolrIndexSearcher has not changed - not re-opening: org.apache.solr.search.SolrIndexSearcher
INFO  - 2015-02-20 21:45:56.577; org.apache.solr.update.DirectUpdateHandler2; end_commit_flush
INFO  - 2015-02-20 21:45:56.577; org.apache.solr.update.processor.LogUpdateProcessor; [collection1] webapp=/solr path=/update params={commit=true} {commit=} 0 268
INFO  - 2015-02-20 21:51:21.872; org.apache.solr.request.UnInvertedField; UnInverted multi-valued field {field=cat,memSize=4288,tindexSize=0,time=0,phase1=0,nTerms=0,bigTerms=0,termInstances=0,uses=0}
INFO  - 2015-02-20 21:51:21.897; org.apache.solr.request.UnInvertedField; UnInverted multi-valued field {field=content_type,memSize=4288,tindexSize=0,time=0,phase1=0,nTerms=0,bigTerms=0,termInstances=0,uses=0}
INFO  - 2015-02-20 21:51:22.058; org.apache.solr.core.SolrCore; [collection1] webapp=/solr path=/browse params={} hits=0 status=0 QTime=662 
INFO  - 2015-02-20 21:51:23.265; org.apache.solr.core.SolrCore; [collection1] webapp=/solr path=/admin/file params={file=/velocity/main.css&contentType=text/css} status=0 QTime=93 
INFO  - 2015-02-20 21:51:23.265; org.apache.solr.core.SolrCore; [collection1] webapp=/solr path=/admin/file params={file=/velocity/jquery.autocomplete.css&contentType=text/css} status=0 QTime=85 
INFO  - 2015-02-20 21:51:23.345; org.apache.solr.core.SolrCore; [collection1] webapp=/solr path=/admin/file params={file=/velocity/jquery.autocomplete.js&contentType=text/javascript} status=0 QTime=158 
INFO  - 2015-02-20 22:28:10.467; org.eclipse.jetty.server.Server; Graceful shutdown SocketConnector@0.0.0.0:8983
INFO  - 2015-02-20 22:28:10.788; org.eclipse.jetty.server.Server; Graceful shutdown o.e.j.w.WebAppContext{/solr,file:/home/mediapc/git/datos/solr-4.10.3/node1/solr-webapp/webapp/},/home/mediapc/git/datos/solr-4.10.3/node1/webapps/solr.war
INFO  - 2015-02-20 22:28:11.999; org.apache.solr.core.CoreContainer; Shutting down CoreContainer instance=24043270
INFO  - 2015-02-20 22:28:12.196; org.apache.solr.cloud.ZkController; publishing core=collection1 state=down collection=collection1
INFO  - 2015-02-20 22:28:12.218; org.apache.solr.cloud.ZkController; numShards not found on descriptor - reading it from system property
INFO  - 2015-02-20 22:28:12.845; org.apache.solr.cloud.Overseer$ClusterStateUpdater; Update state numShards=1 message={
  "operation":"state",
  "core_node_name":"core_node1",
  "numShards":"1",
  "shard":"shard1",
  "roles":null,
  "state":"down",
  "core":"collection1",
  "collection":"collection1",
  "node_name":"192.168.0.142:8983_solr",
  "base_url":"http://192.168.0.142:8983/solr"}
INFO  - 2015-02-20 22:28:12.845; org.apache.solr.core.SolrCore; [collection1]  CLOSING SolrCore org.apache.solr.core.SolrCore@142dc3d
INFO  - 2015-02-20 22:28:12.916; org.apache.solr.cloud.DistributedQueue$LatchChildWatcher; LatchChildWatcher fired on path: /overseer/queue state: SyncConnected type NodeChildrenChanged
INFO  - 2015-02-20 22:28:13.192; org.apache.solr.update.DirectUpdateHandler2; closing DirectUpdateHandler2{commits=1,autocommit maxTime=15000ms,autocommits=0,soft autocommits=0,optimizes=0,rollbacks=0,expungeDeletes=0,docsPending=0,adds=0,deletesById=0,deletesByQuery=0,errors=0,cumulative_adds=0,cumulative_deletesById=0,cumulative_deletesByQuery=0,cumulative_errors=0,transaction_logs_total_size=0,transaction_logs_total_number=0}
INFO  - 2015-02-20 22:28:13.352; org.apache.solr.common.cloud.ZkStateReader$2; A cluster state change: WatchedEvent state:SyncConnected type:NodeDataChanged path:/clusterstate.json, has occurred - updating... (live nodes size: 1)
INFO  - 2015-02-20 22:28:13.443; org.apache.solr.update.SolrCoreState; Closing SolrCoreState
INFO  - 2015-02-20 22:28:13.444; org.apache.solr.update.DefaultSolrCoreState; SolrCoreState ref count has reached 0 - closing IndexWriter
INFO  - 2015-02-20 22:28:13.455; org.apache.solr.update.DefaultSolrCoreState; closing IndexWriter with IndexWriterCloser
INFO  - 2015-02-20 22:28:13.655; org.apache.solr.core.SolrCore; [collection1] Closing main searcher on request.
INFO  - 2015-02-20 22:28:14.340; org.apache.solr.core.CachingDirectoryFactory; Closing NRTCachingDirectoryFactory - 2 directories currently being tracked
INFO  - 2015-02-20 22:28:14.462; org.apache.solr.core.CachingDirectoryFactory; looking to close /home/mediapc/git/datos/solr-4.10.3/node1/solr/collection1/data/index [CachedDir<<refCount=0;path=/home/mediapc/git/datos/solr-4.10.3/node1/solr/collection1/data/index;done=false>>]
INFO  - 2015-02-20 22:28:14.463; org.apache.solr.core.CachingDirectoryFactory; Closing directory: /home/mediapc/git/datos/solr-4.10.3/node1/solr/collection1/data/index
INFO  - 2015-02-20 22:28:14.463; org.apache.solr.core.CachingDirectoryFactory; looking to close /home/mediapc/git/datos/solr-4.10.3/node1/solr/collection1/data [CachedDir<<refCount=0;path=/home/mediapc/git/datos/solr-4.10.3/node1/solr/collection1/data;done=false>>]
INFO  - 2015-02-20 22:28:14.464; org.apache.solr.core.CachingDirectoryFactory; Closing directory: /home/mediapc/git/datos/solr-4.10.3/node1/solr/collection1/data
INFO  - 2015-02-20 22:28:14.506; org.apache.solr.cloud.Overseer; Overseer (id=93353887765495808-192.168.0.142:8983_solr-n_0000000000) closing
INFO  - 2015-02-20 22:28:14.529; org.apache.solr.cloud.Overseer$ClusterStateUpdater; Overseer Loop exiting : 192.168.0.142:8983_solr
ERROR - 2015-02-20 22:28:14.895; org.apache.solr.cloud.Overseer$ClusterStateUpdater; could not read the data
org.apache.zookeeper.KeeperException$SessionExpiredException: KeeperErrorCode = Session expired for /overseer_elect/leader
	at org.apache.zookeeper.KeeperException.create(KeeperException.java:127)
	at org.apache.zookeeper.KeeperException.create(KeeperException.java:51)
	at org.apache.zookeeper.ZooKeeper.getData(ZooKeeper.java:1155)
	at org.apache.solr.common.cloud.SolrZkClient$8.execute(SolrZkClient.java:307)
	at org.apache.solr.common.cloud.SolrZkClient$8.execute(SolrZkClient.java:304)
	at org.apache.solr.common.cloud.ZkCmdExecutor.retryOperation(ZkCmdExecutor.java:74)
	at org.apache.solr.common.cloud.SolrZkClient.getData(SolrZkClient.java:304)
	at org.apache.solr.cloud.Overseer$ClusterStateUpdater.checkIfIamStillLeader(Overseer.java:321)
	at org.apache.solr.cloud.Overseer$ClusterStateUpdater.access$300(Overseer.java:90)
	at org.apache.solr.cloud.Overseer$ClusterStateUpdater$1.run(Overseer.java:293)
